<?xml version="1.0" encoding="UTF-8"?>
<testng-results ignored="0" total="4" passed="4" failed="0" skipped="0">
  <reporter-output>
  </reporter-output>
  <suite started-at="2026-04-22T17:14:31 IST" name="Suite" finished-at="2026-04-22T17:16:20 IST" duration-ms="108901">
    <groups>
      <group name="cucumber">
        <method signature="AbstractTestNGCucumberTests.runScenario(io.cucumber.testng.PickleWrapper,io.cucumber.testng.FeatureWrapper)[pri:0, instance:runner.TestRunner@687e99d8]" name="runScenario" class="io.cucumber.testng.AbstractTestNGCucumberTests"/>
        <method signature="AbstractTestNGCucumberTests.runScenario(io.cucumber.testng.PickleWrapper,io.cucumber.testng.FeatureWrapper)[pri:0, instance:runner.TestRunner@37f1104d]" name="runScenario" class="io.cucumber.testng.AbstractTestNGCucumberTests"/>
      </group> <!-- cucumber -->
    </groups>
    <test started-at="2026-04-22T17:14:31 IST" name="EdgeTests" finished-at="2026-04-22T17:15:26 IST" duration-ms="54476">
      <class name="runner.TestRunner">
        <test-method is-config="true" signature="setUpClass(org.testng.ITestContext)[pri:0, instance:runner.TestRunner@687e99d8]" started-at="2026-04-22T17:14:31 IST" name="setUpClass" finished-at="2026-04-22T17:14:32 IST" duration-ms="1003" status="PASS">
          <params>
            <param index="0">
              <value>
                <![CDATA[org.testng.TestRunner@a83495d]]>
              </value>
            </param>
          </params>
          <reporter-output>
          </reporter-output>
        </test-method> <!-- setUpClass -->
        <test-method is-config="true" signature="defineBrowser(java.lang.String)[pri:0, instance:runner.TestRunner@687e99d8]" started-at="2026-04-22T17:14:32 IST" name="defineBrowser" finished-at="2026-04-22T17:14:32 IST" duration-ms="2" status="PASS">
          <params>
            <param index="0">
              <value>
                <![CDATA[edge]]>
              </value>
            </param>
          </params>
          <reporter-output>
          </reporter-output>
        </test-method> <!-- defineBrowser -->
        <test-method signature="runScenario(io.cucumber.testng.PickleWrapper,io.cucumber.testng.FeatureWrapper)[pri:0, instance:runner.TestRunner@687e99d8]" started-at="2026-04-22T17:14:33 IST" name="runScenario" description="Runs Cucumber Scenarios" data-provider="scenarios" finished-at="2026-04-22T17:15:02 IST" duration-ms="29090" status="PASS">
          <params>
            <param index="0">
              <value>
                <![CDATA["Search for web development courses"]]>
              </value>
            </param>
            <param index="1">
              <value>
                <![CDATA["Coursera Course Search and Business Form Validation"]]>
              </value>
            </param>
          </params>
          <reporter-output>
          </reporter-output>
        </test-method> <!-- runScenario -->
        <test-method signature="runScenario(io.cucumber.testng.PickleWrapper,io.cucumber.testng.FeatureWrapper)[pri:0, instance:runner.TestRunner@687e99d8]" started-at="2026-04-22T17:15:02 IST" name="runScenario" description="Runs Cucumber Scenarios" data-provider="scenarios" finished-at="2026-04-22T17:15:26 IST" duration-ms="24310" status="PASS">
          <params>
            <param index="0">
              <value>
                <![CDATA["Validate business form errors"]]>
              </value>
            </param>
            <param index="1">
              <value>
                <![CDATA["Coursera Course Search and Business Form Validation"]]>
              </value>
            </param>
          </params>
          <reporter-output>
          </reporter-output>
        </test-method> <!-- runScenario -->
        <test-method is-config="true" signature="tearDownClass()[pri:0, instance:runner.TestRunner@687e99d8]" started-at="2026-04-22T17:15:26 IST" name="tearDownClass" finished-at="2026-04-22T17:15:26 IST" duration-ms="13" status="PASS">
          <reporter-output>
          </reporter-output>
        </test-method> <!-- tearDownClass -->
      </class> <!-- runner.TestRunner -->
    </test> <!-- EdgeTests -->
    <test started-at="2026-04-22T17:15:26 IST" name="ChromeTests" finished-at="2026-04-22T17:16:20 IST" duration-ms="54400">
      <class name="runner.TestRunner">
        <test-method is-config="true" signature="setUpClass(org.testng.ITestContext)[pri:0, instance:runner.TestRunner@37f1104d]" started-at="2026-04-22T17:15:26 IST" name="setUpClass" finished-at="2026-04-22T17:15:26 IST" duration-ms="136" status="PASS">
          <params>
            <param index="0">
              <value>
                <![CDATA[org.testng.TestRunner@7e83992]]>
              </value>
            </param>
          </params>
          <reporter-output>
          </reporter-output>
        </test-method> <!-- setUpClass -->
        <test-method signature="runScenario(io.cucumber.testng.PickleWrapper,io.cucumber.testng.FeatureWrapper)[pri:0, instance:runner.TestRunner@37f1104d]" started-at="2026-04-22T17:15:26 IST" name="runScenario" description="Runs Cucumber Scenarios" data-provider="scenarios" finished-at="2026-04-22T17:15:54 IST" duration-ms="27816" status="PASS">
          <params>
            <param index="0">
              <value>
                <![CDATA["Search for web development courses"]]>
              </value>
            </param>
            <param index="1">
              <value>
                <![CDATA["Coursera Course Search and Business Form Validation"]]>
              </value>
            </param>
          </params>
          <reporter-output>
          </reporter-output>
        </test-method> <!-- runScenario -->
        <test-method is-config="true" signature="defineBrowser(java.lang.String)[pri:0, instance:runner.TestRunner@37f1104d]" started-at="2026-04-22T17:15:26 IST" name="defineBrowser" finished-at="2026-04-22T17:15:26 IST" duration-ms="0" status="PASS">
          <params>
            <param index="0">
              <value>
                <![CDATA[chrome]]>
              </value>
            </param>
          </params>
          <reporter-output>
          </reporter-output>
        </test-method> <!-- defineBrowser -->
        <test-method signature="runScenario(io.cucumber.testng.PickleWrapper,io.cucumber.testng.FeatureWrapper)[pri:0, instance:runner.TestRunner@37f1104d]" started-at="2026-04-22T17:15:54 IST" name="runScenario" description="Runs Cucumber Scenarios" data-provider="scenarios" finished-at="2026-04-22T17:16:20 IST" duration-ms="26437" status="PASS">
          <params>
            <param index="0">
              <value>
                <![CDATA["Validate business form errors"]]>
              </value>
            </param>
            <param index="1">
              <value>
                <![CDATA["Coursera Course Search and Business Form Validation"]]>
              </value>
            </param>
          </params>
          <reporter-output>
          </reporter-output>
        </test-method> <!-- runScenario -->
        <test-method is-config="true" signature="tearDownClass()[pri:0, instance:runner.TestRunner@37f1104d]" started-at="2026-04-22T17:16:20 IST" name="tearDownClass" finished-at="2026-04-22T17:16:20 IST" duration-ms="8" status="PASS">
          <reporter-output>
          </reporter-output>
        </test-method> <!-- tearDownClass -->
      </class> <!-- runner.TestRunner -->
    </test> <!-- ChromeTests -->
  </suite> <!-- Suite -->
</testng-results>
