<?xml version="1.0" encoding="UTF-8"?>
<testng-results ignored="0" total="2" passed="2" failed="0" skipped="0">
  <reporter-output>
  </reporter-output>
  <suite started-at="2026-04-16T15:24:13 IST" name="Suite" finished-at="2026-04-16T15:25:46 IST" duration-ms="93158">
    <groups>
      <group name="cucumber">
        <method signature="AbstractTestNGCucumberTests.runScenario(io.cucumber.testng.PickleWrapper,io.cucumber.testng.FeatureWrapper)[pri:0, instance:runner.TestRunner@687e99d8]" name="runScenario" class="io.cucumber.testng.AbstractTestNGCucumberTests"/>
        <method signature="AbstractTestNGCucumberTests.runScenario(io.cucumber.testng.PickleWrapper,io.cucumber.testng.FeatureWrapper)[pri:0, instance:runner.TestRunner@37f1104d]" name="runScenario" class="io.cucumber.testng.AbstractTestNGCucumberTests"/>
      </group> <!-- cucumber -->
    </groups>
    <test started-at="2026-04-16T15:24:13 IST" name="Test_Chrome" finished-at="2026-04-16T15:25:08 IST" duration-ms="54429">
      <class name="runner.TestRunner">
        <test-method is-config="true" signature="setUpClass(org.testng.ITestContext)[pri:0, instance:runner.TestRunner@687e99d8]" started-at="2026-04-16T15:24:13 IST" name="setUpClass" finished-at="2026-04-16T15:24:14 IST" duration-ms="1148" status="PASS">
          <params>
            <param index="0">
              <value>
                <![CDATA[org.testng.TestRunner@73c3cd09]]>
              </value>
            </param>
          </params>
          <reporter-output>
          </reporter-output>
        </test-method> <!-- setUpClass -->
        <test-method is-config="true" signature="defineBrowser(java.lang.String)[pri:0, instance:runner.TestRunner@687e99d8]" started-at="2026-04-16T15:24:14 IST" name="defineBrowser" finished-at="2026-04-16T15:24:14 IST" duration-ms="1" status="PASS">
          <params>
            <param index="0">
              <value>
                <![CDATA[chrome]]>
              </value>
            </param>
          </params>
          <reporter-output>
          </reporter-output>
        </test-method> <!-- defineBrowser -->
        <test-method signature="runScenario(io.cucumber.testng.PickleWrapper,io.cucumber.testng.FeatureWrapper)[pri:0, instance:runner.TestRunner@687e99d8]" started-at="2026-04-16T15:24:14 IST" name="runScenario" description="Runs Cucumber Scenarios" data-provider="scenarios" finished-at="2026-04-16T15:25:08 IST" duration-ms="53193" status="PASS">
          <params>
            <param index="0">
              <value>
                <![CDATA["Search for web development courses and validate business form errors"]]>
              </value>
            </param>
            <param index="1">
              <value>
                <![CDATA["Coursera Course Search and Business Form Validation"]]>
              </value>
            </param>
          </params>
          <reporter-output>
          </reporter-output>
        </test-method> <!-- runScenario -->
        <test-method is-config="true" signature="tearDownClass()[pri:0, instance:runner.TestRunner@687e99d8]" started-at="2026-04-16T15:25:08 IST" name="tearDownClass" finished-at="2026-04-16T15:25:08 IST" duration-ms="17" status="PASS">
          <reporter-output>
          </reporter-output>
        </test-method> <!-- tearDownClass -->
      </class> <!-- runner.TestRunner -->
    </test> <!-- Test_Chrome -->
    <test started-at="2026-04-16T15:25:08 IST" name="Test_Edge" finished-at="2026-04-16T15:25:46 IST" duration-ms="38688">
      <class name="runner.TestRunner">
        <test-method is-config="true" signature="setUpClass(org.testng.ITestContext)[pri:0, instance:runner.TestRunner@37f1104d]" started-at="2026-04-16T15:25:08 IST" name="setUpClass" finished-at="2026-04-16T15:25:08 IST" duration-ms="150" status="PASS">
          <params>
            <param index="0">
              <value>
                <![CDATA[org.testng.TestRunner@4a8a0099]]>
              </value>
            </param>
          </params>
          <reporter-output>
          </reporter-output>
        </test-method> <!-- setUpClass -->
        <test-method is-config="true" signature="defineBrowser(java.lang.String)[pri:0, instance:runner.TestRunner@37f1104d]" started-at="2026-04-16T15:25:08 IST" name="defineBrowser" finished-at="2026-04-16T15:25:08 IST" duration-ms="1" status="PASS">
          <params>
            <param index="0">
              <value>
                <![CDATA[chrome]]>
              </value>
            </param>
          </params>
          <reporter-output>
          </reporter-output>
        </test-method> <!-- defineBrowser -->
        <test-method signature="runScenario(io.cucumber.testng.PickleWrapper,io.cucumber.testng.FeatureWrapper)[pri:0, instance:runner.TestRunner@37f1104d]" started-at="2026-04-16T15:25:08 IST" name="runScenario" description="Runs Cucumber Scenarios" data-provider="scenarios" finished-at="2026-04-16T15:25:46 IST" duration-ms="38524" status="PASS">
          <params>
            <param index="0">
              <value>
                <![CDATA["Search for web development courses and validate business form errors"]]>
              </value>
            </param>
            <param index="1">
              <value>
                <![CDATA["Coursera Course Search and Business Form Validation"]]>
              </value>
            </param>
          </params>
          <reporter-output>
          </reporter-output>
        </test-method> <!-- runScenario -->
        <test-method is-config="true" signature="tearDownClass()[pri:0, instance:runner.TestRunner@37f1104d]" started-at="2026-04-16T15:25:46 IST" name="tearDownClass" finished-at="2026-04-16T15:25:46 IST" duration-ms="10" status="PASS">
          <reporter-output>
          </reporter-output>
        </test-method> <!-- tearDownClass -->
      </class> <!-- runner.TestRunner -->
    </test> <!-- Test_Edge -->
  </suite> <!-- Suite -->
</testng-results>
