<?xml version="1.0" encoding="UTF-8"?>
<!-- Generated by org.testng.reporters.JUnitReportReporter -->
<testsuite hostname="LTIN690397" failures="0" tests="4" name="runner.TestRunner" time="107.653" errors="0" timestamp="2026-04-22T17:16:20 IST" skipped="0">
  <testcase classname="runner.TestRunner" name="runScenario" time="29.090"/>
  <testcase classname="runner.TestRunner" name="runScenario" time="24.310"/>
  <testcase classname="runner.TestRunner" name="runScenario" time="27.816"/>
  <testcase classname="runner.TestRunner" name="runScenario" time="26.437"/>
</testsuite> <!-- runner.TestRunner -->
